C:\Users\RR\julia\scripts>C:\Users\RR\julia\scripts>julia createPackage.jl

  Activating environment at `C:\Users\RR\.julia\environments\v1.6\Project.toml`
  Activating new environment at `C:\Users\RR\julia\TestPkgTemplates\docs\Project.toml`
   Resolving package versions...
    Updating `C:\Users\RR\julia\TestPkgTemplates\docs\Project.toml`
  [e30172f5] + Documenter v0.27.6s\RR\.julia\registries\General`
    Updating `C:\Users\RR\julia\TestPkgTemplates\docs\Manifest.toml`t`
  [a4c015fc] + ANSIColoredPrinters v0.0.1gTemplates\Project.toml`
  [ffbed154] + DocStringExtensions v0.8.5gTemplates\Manifest.toml`
  [e30172f5] + Documenter v0.27.6
  [b5f81e59] + IOCapture v0.2.2                      ]  0/1
  [682c06a0] + JSON v0.21.2
  [69de0a69] + Parsers v2.0.3
  [2a0f44e3] + Base64
  [ade2ca70] + Dates
  [b77e0a4c] + InteractiveUtils
  [76f85450] + LibGit2
  [56ddb016] + Logging
  [d6f4376e] + Markdown
  [a63ad114] + Mmap
  [ca575930] + NetworkOptions
  [de0858da] + Printf
  [3fa0cd96] + REPL
  [9a3f8284] + Random
  [ea8e919c] + SHA
  [9e88b42a] + Serialization
  [6462fe0b] + Sockets
  [8dfed614] + Test
  [4ec0a83e] + Unicode
   Resolving package versions...
    Updating `C:\Users\RR\julia\TestPkgTemplates\docs\Project.toml`
  [1dc15e0c] + TestPkgTemplates v0.1.0 `..`
    Updating `C:\Users\RR\julia\TestPkgTemplates\docs\Manifest.toml`
  [1dc15e0c] + TestPkgTemplates v0.1.0 `..`
  Activating environment at `C:\Users\RR\.julia\environments\v1.6\Project.toml`
[ Info: Running posthooks
[ Info: New package is at C:\Users\RR\julia\TestPkgTemplates

C:\Users\RR\julia\scripts>
